# JRE version: OpenJDK Runtime Environment Microsoft-11933218 (21.0.8+9) (build 21.0.8+9-LTS)
# Java VM: OpenJDK 64-Bit Server VM Microsoft-11933218 (21.0.8+9-LTS, mixed mode, sharing, tiered, compressed oops, compressed class ptrs, g1 gc, windows-amd64)
GC Precious Log:
 CardTable entry size: 512
 Card Set container configuration: InlinePtr #cards 4 size 8 Array Of Cards #cards 16 size 48 Howl #buckets 8 coarsen threshold 3686 Howl Bitmap #cards 512 size 80 coarsen threshold 460 Card regions per heap region 1 cards per card region 4096
 CPUs: 12 total, 12 available
 Memory: 16197M
 Large Page Support: Disabled
 NUMA Support: Disabled
 Compressed Oops: Enabled (Zero based)
 Heap Region Size: 2M
 Heap Min Capacity: 8M
 Heap Initial Capacity: 254M
 Heap Max Capacity: 4050M
 Pre-touch: Disabled
 Parallel Workers: 10
 Concurrent Workers: 3
 Concurrent Refinement Workers: 10
 Periodic GC: Disabled
Heap:
 garbage-first heap   total 194560K, used 149715K [0x0000000702e00000, 0x0000000800000000)
  region size 2048K, 30 young (61440K), 3 survivors (6144K)
 Metaspace       used 74006K, committed 74432K, reserved 1179648K
  class space    used 8007K, committed 8192K, reserved 1048576K
GC Heap History (20 events):
Event: 4.197 GC heap before
{Heap before GC invocations=11 (full 0):
 garbage-first heap   total 92160K, used 70371K [0x0000000702e00000, 0x0000000800000000)
  region size 2048K, 16 young (32768K), 3 survivors (6144K)
 Metaspace       used 49317K, committed 49664K, reserved 1114112K
  class space    used 5857K, committed 6016K, reserved 1048576K
}
Event: 4.204 GC heap after
{Heap after GC invocations=12 (full 0):
 garbage-first heap   total 92160K, used 50795K [0x0000000702e00000, 0x0000000800000000)
  region size 2048K, 2 young (4096K), 2 survivors (4096K)
 Metaspace       used 49317K, committed 49664K, reserved 1114112K
  class space    used 5857K, committed 6016K, reserved 1048576K
}
Event: 4.465 GC heap before
{Heap before GC invocations=12 (full 0):
 garbage-first heap   total 92160K, used 75371K [0x0000000702e00000, 0x0000000800000000)
  region size 2048K, 14 young (28672K), 2 survivors (4096K)
 Metaspace       used 50876K, committed 51264K, reserved 1114112K
  class space    used 6049K, committed 6208K, reserved 1048576K
}
Event: 4.474 GC heap after
{Heap after GC invocations=13 (full 0):
 garbage-first heap   total 92160K, used 56498K [0x0000000702e00000, 0x0000000800000000)
  region size 2048K, 2 young (4096K), 2 survivors (4096K)
 Metaspace       used 50876K, committed 51264K, reserved 1114112K
  class space    used 6049K, committed 6208K, reserved 1048576K
}
Event: 4.694 GC heap before
{Heap before GC invocations=14 (full 0):
 garbage-first heap   total 96256K, used 76978K [0x0000000702e00000, 0x0000000800000000)
  region size 2048K, 12 young (24576K), 2 survivors (4096K)
 Metaspace       used 51437K, committed 51840K, reserved 1114112K
  class space    used 6103K, committed 6272K, reserved 1048576K
}
Event: 4.702 GC heap after
{Heap after GC invocations=15 (full 0):
 garbage-first heap   total 96256K, used 61440K [0x0000000702e00000, 0x0000000800000000)
  region size 2048K, 2 young (4096K), 2 survivors (4096K)
 Metaspace       used 51437K, committed 51840K, reserved 1114112K
  class space    used 6103K, committed 6272K, reserved 1048576K
}
Event: 5.021 GC heap before
{Heap before GC invocations=15 (full 0):
 garbage-first heap   total 96256K, used 81920K [0x0000000702e00000, 0x0000000800000000)
  region size 2048K, 12 young (24576K), 2 survivors (4096K)
 Metaspace       used 52215K, committed 52544K, reserved 1114112K
  class space    used 6128K, committed 6272K, reserved 1048576K
}
Event: 5.031 GC heap after
{Heap after GC invocations=16 (full 0):
 garbage-first heap   total 133120K, used 63679K [0x0000000702e00000, 0x0000000800000000)
  region size 2048K, 2 young (4096K), 2 survivors (4096K)
 Metaspace       used 52215K, committed 52544K, reserved 1114112K
  class space    used 6128K, committed 6272K, reserved 1048576K
}
Event: 6.109 GC heap before
{Heap before GC invocations=16 (full 0):
 garbage-first heap   total 133120K, used 104639K [0x0000000702e00000, 0x0000000800000000)
  region size 2048K, 22 young (45056K), 2 survivors (4096K)
 Metaspace       used 56524K, committed 56896K, reserved 1114112K
  class space    used 6459K, committed 6656K, reserved 1048576K
}
Event: 6.115 GC heap after
{Heap after GC invocations=17 (full 0):
 garbage-first heap   total 133120K, used 68609K [0x0000000702e00000, 0x0000000800000000)
  region size 2048K, 3 young (6144K), 3 survivors (6144K)
 Metaspace       used 56524K, committed 56896K, reserved 1114112K
  class space    used 6459K, committed 6656K, reserved 1048576K
}
Event: 6.446 GC heap before
{Heap before GC invocations=18 (full 0):
 garbage-first heap   total 133120K, used 107521K [0x0000000702e00000, 0x0000000800000000)
  region size 2048K, 22 young (45056K), 3 survivors (6144K)
 Metaspace       used 57141K, committed 57472K, reserved 1114112K
  class space    used 6492K, committed 6656K, reserved 1048576K
}
Event: 6.455 GC heap after
{Heap after GC invocations=19 (full 0):
 garbage-first heap   total 133120K, used 76039K [0x0000000702e00000, 0x0000000800000000)
  region size 2048K, 3 young (6144K), 3 survivors (6144K)
 Metaspace       used 57141K, committed 57472K, reserved 1114112K
  class space    used 6492K, committed 6656K, reserved 1048576K
}
Event: 6.713 GC heap before
{Heap before GC invocations=19 (full 0):
 garbage-first heap   total 133120K, used 110855K [0x0000000702e00000, 0x0000000800000000)
  region size 2048K, 20 young (40960K), 3 survivors (6144K)
 Metaspace       used 59635K, committed 60032K, reserved 1114112K
  class space    used 6731K, committed 6912K, reserved 1048576K
}
Event: 6.722 GC heap after
{Heap after GC invocations=20 (full 0):
 garbage-first heap   total 133120K, used 81459K [0x0000000702e00000, 0x0000000800000000)
  region size 2048K, 3 young (6144K), 3 survivors (6144K)
 Metaspace       used 59635K, committed 60032K, reserved 1114112K
  class space    used 6731K, committed 6912K, reserved 1048576K
}
Event: 7.206 GC heap before
{Heap before GC invocations=20 (full 0):
 garbage-first heap   total 133120K, used 114227K [0x0000000702e00000, 0x0000000800000000)
  region size 2048K, 19 young (38912K), 3 survivors (6144K)
 Metaspace       used 63906K, committed 64256K, reserved 1114112K
  class space    used 7081K, committed 7232K, reserved 1048576K
}
Event: 7.215 GC heap after
{Heap after GC invocations=21 (full 0):
 garbage-first heap   total 133120K, used 86968K [0x0000000702e00000, 0x0000000800000000)
  region size 2048K, 3 young (6144K), 3 survivors (6144K)
 Metaspace       used 63906K, committed 64256K, reserved 1114112K
  class space    used 7081K, committed 7232K, reserved 1048576K
}
Event: 7.426 GC heap before
{Heap before GC invocations=22 (full 0):
 garbage-first heap   total 147456K, used 115640K [0x0000000702e00000, 0x0000000800000000)
  region size 2048K, 17 young (34816K), 3 survivors (6144K)
 Metaspace       used 64541K, committed 64960K, reserved 1114112K
  class space    used 7123K, committed 7296K, reserved 1048576K
}
Event: 7.433 GC heap after
{Heap after GC invocations=23 (full 0):
 garbage-first heap   total 147456K, used 92890K [0x0000000702e00000, 0x0000000800000000)
  region size 2048K, 3 young (6144K), 3 survivors (6144K)
 Metaspace       used 64541K, committed 64960K, reserved 1114112K
  class space    used 7123K, committed 7296K, reserved 1048576K
}
Event: 7.930 GC heap before
{Heap before GC invocations=23 (full 0):
 garbage-first heap   total 147456K, used 127706K [0x0000000702e00000, 0x0000000800000000)
  region size 2048K, 20 young (40960K), 3 survivors (6144K)
 Metaspace       used 68342K, committed 68736K, reserved 1114112K
  class space    used 7493K, committed 7680K, reserved 1048576K
}
Event: 8.154 GC heap after
{Heap after GC invocations=24 (full 0):
 garbage-first heap   total 194560K, used 96467K [0x0000000702e00000, 0x0000000800000000)
  region size 2048K, 3 young (6144K), 3 survivors (6144K)
 Metaspace       used 68342K, committed 68736K, reserved 1114112K
  class space    used 7493K, committed 7680K, reserved 1048576K
}

