# JRE version: OpenJDK Runtime Environment Microsoft-11933218 (21.0.8+9) (build 21.0.8+9-LTS)
# Java VM: OpenJDK 64-Bit Server VM Microsoft-11933218 (21.0.8+9-LTS, mixed mode, sharing, tiered, compressed oops, compressed class ptrs, g1 gc, windows-amd64)
GC Precious Log:
 CardTable entry size: 512
 Card Set container configuration: InlinePtr #cards 5 size 8 Array Of Cards #cards 12 size 40 Howl #buckets 4 coarsen threshold 1843 Howl Bitmap #cards 512 size 80 coarsen threshold 460 Card regions per heap region 1 cards per card region 2048
 CPUs: 12 total, 12 available
 Memory: 16197M
 Large Page Support: Disabled
 NUMA Support: Disabled
 Compressed Oops: Enabled (32-bit)
 Heap Region Size: 1M
 Heap Min Capacity: 8M
 Heap Initial Capacity: 254M
 Heap Max Capacity: 2G
 Pre-touch: Disabled
 Parallel Workers: 10
 Concurrent Workers: 3
 Concurrent Refinement Workers: 10
 Periodic GC: Disabled
Heap:
 garbage-first heap   total 247808K, used 163734K [0x0000000080000000, 0x0000000100000000)
  region size 1024K, 7 young (7168K), 2 survivors (2048K)
 Metaspace       used 107453K, committed 109952K, reserved 1179648K
  class space    used 15006K, committed 16256K, reserved 1048576K
GC Heap History (20 events):
Event: 8.644 GC heap before
{Heap before GC invocations=34 (full 0):
 garbage-first heap   total 132096K, used 117568K [0x0000000080000000, 0x0000000100000000)
  region size 1024K, 41 young (41984K), 6 survivors (6144K)
 Metaspace       used 89247K, committed 91648K, reserved 1179648K
  class space    used 12745K, committed 13952K, reserved 1048576K
}
Event: 8.647 GC heap after
{Heap after GC invocations=35 (full 0):
 garbage-first heap   total 132096K, used 83216K [0x0000000080000000, 0x0000000100000000)
  region size 1024K, 4 young (4096K), 4 survivors (4096K)
 Metaspace       used 89247K, committed 91648K, reserved 1179648K
  class space    used 12745K, committed 13952K, reserved 1048576K
}
Event: 8.957 GC heap before
{Heap before GC invocations=36 (full 0):
 garbage-first heap   total 140288K, used 119056K [0x0000000080000000, 0x0000000100000000)
  region size 1024K, 39 young (39936K), 4 survivors (4096K)
 Metaspace       used 92406K, committed 94720K, reserved 1179648K
  class space    used 13141K, committed 14272K, reserved 1048576K
}
Event: 8.959 GC heap after
{Heap after GC invocations=37 (full 0):
 garbage-first heap   total 168960K, used 85469K [0x0000000080000000, 0x0000000100000000)
  region size 1024K, 4 young (4096K), 4 survivors (4096K)
 Metaspace       used 92406K, committed 94720K, reserved 1179648K
  class space    used 13141K, committed 14272K, reserved 1048576K
}
Event: 9.449 GC heap before
{Heap before GC invocations=37 (full 0):
 garbage-first heap   total 168960K, used 148957K [0x0000000080000000, 0x0000000100000000)
  region size 1024K, 67 young (68608K), 4 survivors (4096K)
 Metaspace       used 95640K, committed 98048K, reserved 1179648K
  class space    used 13653K, committed 14848K, reserved 1048576K
}
Event: 9.453 GC heap after
{Heap after GC invocations=38 (full 0):
 garbage-first heap   total 168960K, used 90919K [0x0000000080000000, 0x0000000100000000)
  region size 1024K, 9 young (9216K), 9 survivors (9216K)
 Metaspace       used 95640K, committed 98048K, reserved 1179648K
  class space    used 13653K, committed 14848K, reserved 1048576K
}
Event: 9.919 GC heap before
{Heap before GC invocations=38 (full 0):
 garbage-first heap   total 168960K, used 149287K [0x0000000080000000, 0x0000000100000000)
  region size 1024K, 67 young (68608K), 9 survivors (9216K)
 Metaspace       used 97408K, committed 99840K, reserved 1179648K
  class space    used 13874K, committed 15040K, reserved 1048576K
}
Event: 9.923 GC heap after
{Heap after GC invocations=39 (full 0):
 garbage-first heap   total 168960K, used 94628K [0x0000000080000000, 0x0000000100000000)
  region size 1024K, 4 young (4096K), 4 survivors (4096K)
 Metaspace       used 97408K, committed 99840K, reserved 1179648K
  class space    used 13874K, committed 15040K, reserved 1048576K
}
Event: 10.335 GC heap before
{Heap before GC invocations=40 (full 0):
 garbage-first heap   total 168960K, used 152996K [0x0000000080000000, 0x0000000100000000)
  region size 1024K, 61 young (62464K), 4 survivors (4096K)
 Metaspace       used 99767K, committed 102144K, reserved 1179648K
  class space    used 14124K, committed 15296K, reserved 1048576K
}
Event: 10.338 GC heap after
{Heap after GC invocations=41 (full 0):
 garbage-first heap   total 168960K, used 99455K [0x0000000080000000, 0x0000000100000000)
  region size 1024K, 8 young (8192K), 8 survivors (8192K)
 Metaspace       used 99767K, committed 102144K, reserved 1179648K
  class space    used 14124K, committed 15296K, reserved 1048576K
}
Event: 10.471 GC heap before
{Heap before GC invocations=41 (full 0):
 garbage-first heap   total 168960K, used 154751K [0x0000000080000000, 0x0000000100000000)
  region size 1024K, 58 young (59392K), 8 survivors (8192K)
 Metaspace       used 102032K, committed 104512K, reserved 1179648K
  class space    used 14328K, committed 15552K, reserved 1048576K
}
Event: 10.474 GC heap after
{Heap after GC invocations=42 (full 0):
 garbage-first heap   total 168960K, used 102381K [0x0000000080000000, 0x0000000100000000)
  region size 1024K, 3 young (3072K), 3 survivors (3072K)
 Metaspace       used 102032K, committed 104512K, reserved 1179648K
  class space    used 14328K, committed 15552K, reserved 1048576K
}
Event: 10.555 GC heap before
{Heap before GC invocations=42 (full 0):
 garbage-first heap   total 168960K, used 116717K [0x0000000080000000, 0x0000000100000000)
  region size 1024K, 19 young (19456K), 3 survivors (3072K)
 Metaspace       used 102431K, committed 104960K, reserved 1179648K
  class space    used 14373K, committed 15616K, reserved 1048576K
}
Event: 10.557 GC heap after
{Heap after GC invocations=43 (full 0):
 garbage-first heap   total 168960K, used 102789K [0x0000000080000000, 0x0000000100000000)
  region size 1024K, 4 young (4096K), 4 survivors (4096K)
 Metaspace       used 102431K, committed 104960K, reserved 1179648K
  class space    used 14373K, committed 15616K, reserved 1048576K
}
Event: 11.060 GC heap before
{Heap before GC invocations=44 (full 0):
 garbage-first heap   total 183296K, used 170373K [0x0000000080000000, 0x0000000100000000)
  region size 1024K, 54 young (55296K), 4 survivors (4096K)
 Metaspace       used 106037K, committed 108544K, reserved 1179648K
  class space    used 14836K, committed 16064K, reserved 1048576K
}
Event: 11.062 GC heap after
{Heap after GC invocations=45 (full 0):
 garbage-first heap   total 183296K, used 126139K [0x0000000080000000, 0x0000000100000000)
  region size 1024K, 7 young (7168K), 7 survivors (7168K)
 Metaspace       used 106037K, committed 108544K, reserved 1179648K
  class space    used 14836K, committed 16064K, reserved 1048576K
}
Event: 11.185 GC heap before
{Heap before GC invocations=45 (full 0):
 garbage-first heap   total 185344K, used 183483K [0x0000000080000000, 0x0000000100000000)
  region size 1024K, 31 young (31744K), 7 survivors (7168K)
 Metaspace       used 107365K, committed 109888K, reserved 1179648K
  class space    used 15001K, committed 16256K, reserved 1048576K
}
Event: 11.192 GC heap after
{Heap after GC invocations=46 (full 0):
 garbage-first heap   total 202752K, used 148496K [0x0000000080000000, 0x0000000100000000)
  region size 1024K, 6 young (6144K), 6 survivors (6144K)
 Metaspace       used 107365K, committed 109888K, reserved 1179648K
  class space    used 15001K, committed 16256K, reserved 1048576K
}
Event: 11.193 GC heap before
{Heap before GC invocations=46 (full 0):
 garbage-first heap   total 202752K, used 149520K [0x0000000080000000, 0x0000000100000000)
  region size 1024K, 9 young (9216K), 6 survivors (6144K)
 Metaspace       used 107365K, committed 109888K, reserved 1179648K
  class space    used 15001K, committed 16256K, reserved 1048576K
}
Event: 11.195 GC heap after
{Heap after GC invocations=47 (full 0):
 garbage-first heap   total 202752K, used 150422K [0x0000000080000000, 0x0000000100000000)
  region size 1024K, 2 young (2048K), 2 survivors (2048K)
 Metaspace       used 107365K, committed 109888K, reserved 1179648K
  class space    used 15001K, committed 16256K, reserved 1048576K
}

