# JRE version: OpenJDK Runtime Environment Microsoft-11933218 (21.0.8+9) (build 21.0.8+9-LTS)
# Java VM: OpenJDK 64-Bit Server VM Microsoft-11933218 (21.0.8+9-LTS, mixed mode, sharing, tiered, compressed oops, compressed class ptrs, g1 gc, windows-amd64)
GC Precious Log:
 CardTable entry size: 512
 Card Set container configuration: InlinePtr #cards 5 size 8 Array Of Cards #cards 12 size 40 Howl #buckets 4 coarsen threshold 1843 Howl Bitmap #cards 512 size 80 coarsen threshold 460 Card regions per heap region 1 cards per card region 2048
 CPUs: 12 total, 12 available
 Memory: 16197M
 Large Page Support: Disabled
 NUMA Support: Disabled
 Compressed Oops: Enabled (32-bit)
 Heap Region Size: 1M
 Heap Min Capacity: 8M
 Heap Initial Capacity: 254M
 Heap Max Capacity: 512M
 Pre-touch: Disabled
 Parallel Workers: 10
 Concurrent Workers: 3
 Concurrent Refinement Workers: 10
 Periodic GC: Disabled
Heap:
 garbage-first heap   total 150528K, used 99916K [0x00000000e0000000, 0x0000000100000000)
  region size 1024K, 17 young (17408K), 5 survivors (5120K)
 Metaspace       used 99309K, committed 101824K, reserved 1179648K
  class space    used 14008K, committed 15232K, reserved 1048576K
GC Heap History (20 events):
Event: 7.760 GC heap before
{Heap before GC invocations=25 (full 0):
 garbage-first heap   total 112640K, used 72573K [0x00000000e0000000, 0x0000000100000000)
  region size 1024K, 9 young (9216K), 5 survivors (5120K)
 Metaspace       used 74635K, committed 76800K, reserved 1114112K
  class space    used 10437K, committed 11520K, reserved 1048576K
}
Event: 7.762 GC heap after
{Heap after GC invocations=26 (full 0):
 garbage-first heap   total 112640K, used 70505K [0x00000000e0000000, 0x0000000100000000)
  region size 1024K, 4 young (4096K), 4 survivors (4096K)
 Metaspace       used 74635K, committed 76800K, reserved 1114112K
  class space    used 10437K, committed 11520K, reserved 1048576K
}
Event: 7.957 GC heap before
{Heap before GC invocations=27 (full 0):
 garbage-first heap   total 126976K, used 105321K [0x00000000e0000000, 0x0000000100000000)
  region size 1024K, 33 young (33792K), 4 survivors (4096K)
 Metaspace       used 75950K, committed 78144K, reserved 1179648K
  class space    used 10623K, committed 11712K, reserved 1048576K
}
Event: 7.958 GC heap after
{Heap after GC invocations=28 (full 0):
 garbage-first heap   total 126976K, used 74616K [0x00000000e0000000, 0x0000000100000000)
  region size 1024K, 5 young (5120K), 5 survivors (5120K)
 Metaspace       used 75950K, committed 78144K, reserved 1179648K
  class space    used 10623K, committed 11712K, reserved 1048576K
}
Event: 8.229 GC heap before
{Heap before GC invocations=28 (full 0):
 garbage-first heap   total 126976K, used 109432K [0x00000000e0000000, 0x0000000100000000)
  region size 1024K, 40 young (40960K), 5 survivors (5120K)
 Metaspace       used 78491K, committed 80704K, reserved 1179648K
  class space    used 10917K, committed 12032K, reserved 1048576K
}
Event: 8.232 GC heap after
{Heap after GC invocations=29 (full 0):
 garbage-first heap   total 126976K, used 76329K [0x00000000e0000000, 0x0000000100000000)
  region size 1024K, 3 young (3072K), 3 survivors (3072K)
 Metaspace       used 78491K, committed 80704K, reserved 1179648K
  class space    used 10917K, committed 12032K, reserved 1048576K
}
Event: 8.548 GC heap before
{Heap before GC invocations=29 (full 0):
 garbage-first heap   total 126976K, used 112169K [0x00000000e0000000, 0x0000000100000000)
  region size 1024K, 38 young (38912K), 3 survivors (3072K)
 Metaspace       used 80916K, committed 83200K, reserved 1179648K
  class space    used 11232K, committed 12352K, reserved 1048576K
}
Event: 8.551 GC heap after
{Heap after GC invocations=30 (full 0):
 garbage-first heap   total 126976K, used 78170K [0x00000000e0000000, 0x0000000100000000)
  region size 1024K, 4 young (4096K), 4 survivors (4096K)
 Metaspace       used 80916K, committed 83200K, reserved 1179648K
  class space    used 11232K, committed 12352K, reserved 1048576K
}
Event: 8.885 GC heap before
{Heap before GC invocations=31 (full 0):
 garbage-first heap   total 132096K, used 114010K [0x00000000e0000000, 0x0000000100000000)
  region size 1024K, 39 young (39936K), 4 survivors (4096K)
 Metaspace       used 83721K, committed 86016K, reserved 1179648K
  class space    used 11713K, committed 12864K, reserved 1048576K
}
Event: 8.888 GC heap after
{Heap after GC invocations=32 (full 0):
 garbage-first heap   total 132096K, used 79429K [0x00000000e0000000, 0x0000000100000000)
  region size 1024K, 4 young (4096K), 4 survivors (4096K)
 Metaspace       used 83721K, committed 86016K, reserved 1179648K
  class space    used 11713K, committed 12864K, reserved 1048576K
}
Event: 9.243 GC heap before
{Heap before GC invocations=32 (full 0):
 garbage-first heap   total 132096K, used 118341K [0x00000000e0000000, 0x0000000100000000)
  region size 1024K, 42 young (43008K), 4 survivors (4096K)
 Metaspace       used 86752K, committed 89088K, reserved 1179648K
  class space    used 12228K, committed 13376K, reserved 1048576K
}
Event: 9.246 GC heap after
{Heap after GC invocations=33 (full 0):
 garbage-first heap   total 132096K, used 80865K [0x00000000e0000000, 0x0000000100000000)
  region size 1024K, 4 young (4096K), 4 survivors (4096K)
 Metaspace       used 86752K, committed 89088K, reserved 1179648K
  class space    used 12228K, committed 13376K, reserved 1048576K
}
Event: 9.614 GC heap before
{Heap before GC invocations=33 (full 0):
 garbage-first heap   total 132096K, used 119777K [0x00000000e0000000, 0x0000000100000000)
  region size 1024K, 42 young (43008K), 4 survivors (4096K)
 Metaspace       used 89763K, committed 92096K, reserved 1179648K
  class space    used 12667K, committed 13824K, reserved 1048576K
}
Event: 9.617 GC heap after
{Heap after GC invocations=34 (full 0):
 garbage-first heap   total 132096K, used 82620K [0x00000000e0000000, 0x0000000100000000)
  region size 1024K, 5 young (5120K), 5 survivors (5120K)
 Metaspace       used 89763K, committed 92096K, reserved 1179648K
  class space    used 12667K, committed 13824K, reserved 1048576K
}
Event: 9.948 GC heap before
{Heap before GC invocations=35 (full 0):
 garbage-first heap   total 138240K, used 118460K [0x00000000e0000000, 0x0000000100000000)
  region size 1024K, 40 young (40960K), 5 survivors (5120K)
 Metaspace       used 92044K, committed 94464K, reserved 1179648K
  class space    used 13019K, committed 14208K, reserved 1048576K
}
Event: 9.951 GC heap after
{Heap after GC invocations=36 (full 0):
 garbage-first heap   total 138240K, used 84830K [0x00000000e0000000, 0x0000000100000000)
  region size 1024K, 5 young (5120K), 5 survivors (5120K)
 Metaspace       used 92044K, committed 94464K, reserved 1179648K
  class space    used 13019K, committed 14208K, reserved 1048576K
}
Event: 10.340 GC heap before
{Heap before GC invocations=36 (full 0):
 garbage-first heap   total 138240K, used 123742K [0x00000000e0000000, 0x0000000100000000)
  region size 1024K, 43 young (44032K), 5 survivors (5120K)
 Metaspace       used 96059K, committed 98496K, reserved 1179648K
  class space    used 13575K, committed 14784K, reserved 1048576K
}
Event: 10.343 GC heap after
{Heap after GC invocations=37 (full 0):
 garbage-first heap   total 138240K, used 86092K [0x00000000e0000000, 0x0000000100000000)
  region size 1024K, 4 young (4096K), 4 survivors (4096K)
 Metaspace       used 96059K, committed 98496K, reserved 1179648K
  class space    used 13575K, committed 14784K, reserved 1048576K
}
Event: 11.710 GC heap before
{Heap before GC invocations=37 (full 0):
 garbage-first heap   total 138240K, used 125004K [0x00000000e0000000, 0x0000000100000000)
  region size 1024K, 42 young (43008K), 4 survivors (4096K)
 Metaspace       used 98210K, committed 100672K, reserved 1179648K
  class space    used 13855K, committed 15040K, reserved 1048576K
}
Event: 11.712 GC heap after
{Heap after GC invocations=38 (full 0):
 garbage-first heap   total 138240K, used 88652K [0x00000000e0000000, 0x0000000100000000)
  region size 1024K, 5 young (5120K), 5 survivors (5120K)
 Metaspace       used 98210K, committed 100672K, reserved 1179648K
  class space    used 13855K, committed 15040K, reserved 1048576K
}

