# JRE version: OpenJDK Runtime Environment Microsoft-11933218 (21.0.8+9) (build 21.0.8+9-LTS)
# Java VM: OpenJDK 64-Bit Server VM Microsoft-11933218 (21.0.8+9-LTS, mixed mode, sharing, tiered, compressed oops, compressed class ptrs, g1 gc, windows-amd64)
GC Precious Log:
 CardTable entry size: 512
 Card Set container configuration: InlinePtr #cards 5 size 8 Array Of Cards #cards 12 size 40 Howl #buckets 4 coarsen threshold 1843 Howl Bitmap #cards 512 size 80 coarsen threshold 460 Card regions per heap region 1 cards per card region 2048
 CPUs: 12 total, 12 available
 Memory: 16197M
 Large Page Support: Disabled
 NUMA Support: Disabled
 Compressed Oops: Enabled (32-bit)
 Heap Region Size: 1M
 Heap Min Capacity: 8M
 Heap Initial Capacity: 254M
 Heap Max Capacity: 2G
 Pre-touch: Disabled
 Parallel Workers: 10
 Concurrent Workers: 3
 Concurrent Refinement Workers: 10
 Periodic GC: Disabled
Heap:
 garbage-first heap   total 214016K, used 186807K [0x0000000080000000, 0x0000000100000000)
  region size 1024K, 71 young (72704K), 9 survivors (9216K)
 Metaspace       used 103620K, committed 106368K, reserved 1179648K
  class space    used 14552K, committed 15936K, reserved 1048576K
GC Heap History (20 events):
Event: 10.003 GC heap before
{Heap before GC invocations=33 (full 0):
 garbage-first heap   total 152576K, used 138799K [0x0000000080000000, 0x0000000100000000)
  region size 1024K, 50 young (51200K), 6 survivors (6144K)
 Metaspace       used 94811K, committed 97408K, reserved 1179648K
  class space    used 13577K, committed 14912K, reserved 1048576K
}
Event: 10.007 GC heap after
{Heap after GC invocations=34 (full 0):
 garbage-first heap   total 152576K, used 97193K [0x0000000080000000, 0x0000000100000000)
  region size 1024K, 7 young (7168K), 7 survivors (7168K)
 Metaspace       used 94811K, committed 97408K, reserved 1179648K
  class space    used 13577K, committed 14912K, reserved 1048576K
}
Event: 10.314 GC heap before
{Heap before GC invocations=34 (full 0):
 garbage-first heap   total 152576K, used 136105K [0x0000000080000000, 0x0000000100000000)
  region size 1024K, 45 young (46080K), 7 survivors (7168K)
 Metaspace       used 97827K, committed 100480K, reserved 1179648K
  class space    used 13952K, committed 15232K, reserved 1048576K
}
Event: 10.316 GC heap after
{Heap after GC invocations=35 (full 0):
 garbage-first heap   total 152576K, used 99187K [0x0000000080000000, 0x0000000100000000)
  region size 1024K, 2 young (2048K), 2 survivors (2048K)
 Metaspace       used 97827K, committed 100480K, reserved 1179648K
  class space    used 13952K, committed 15232K, reserved 1048576K
}
Event: 11.442 GC heap before
{Heap before GC invocations=36 (full 0):
 garbage-first heap   total 165888K, used 141171K [0x0000000080000000, 0x0000000100000000)
  region size 1024K, 43 young (44032K), 2 survivors (2048K)
 Metaspace       used 100106K, committed 102784K, reserved 1179648K
  class space    used 14293K, committed 15616K, reserved 1048576K
}
Event: 11.444 GC heap after
{Heap after GC invocations=37 (full 0):
 garbage-first heap   total 165888K, used 101817K [0x0000000080000000, 0x0000000100000000)
  region size 1024K, 5 young (5120K), 5 survivors (5120K)
 Metaspace       used 100106K, committed 102784K, reserved 1179648K
  class space    used 14293K, committed 15616K, reserved 1048576K
}
Event: 11.975 GC heap before
{Heap before GC invocations=37 (full 0):
 garbage-first heap   total 165888K, used 150969K [0x0000000080000000, 0x0000000100000000)
  region size 1024K, 53 young (54272K), 5 survivors (5120K)
 Metaspace       used 100608K, committed 103232K, reserved 1179648K
  class space    used 14299K, committed 15616K, reserved 1048576K
}
Event: 11.979 GC heap after
{Heap after GC invocations=38 (full 0):
 garbage-first heap   total 165888K, used 105972K [0x0000000080000000, 0x0000000100000000)
  region size 1024K, 7 young (7168K), 7 survivors (7168K)
 Metaspace       used 100608K, committed 103232K, reserved 1179648K
  class space    used 14299K, committed 15616K, reserved 1048576K
}
Event: 13.182 GC heap before
{Heap before GC invocations=38 (full 0):
 garbage-first heap   total 165888K, used 148980K [0x0000000080000000, 0x0000000100000000)
  region size 1024K, 49 young (50176K), 7 survivors (7168K)
 Metaspace       used 100936K, committed 103552K, reserved 1179648K
  class space    used 14310K, committed 15616K, reserved 1048576K
}
Event: 13.187 GC heap after
{Heap after GC invocations=39 (full 0):
 garbage-first heap   total 165888K, used 111442K [0x0000000080000000, 0x0000000100000000)
  region size 1024K, 6 young (6144K), 6 survivors (6144K)
 Metaspace       used 100936K, committed 103552K, reserved 1179648K
  class space    used 14310K, committed 15616K, reserved 1048576K
}
Event: 13.914 GC heap before
{Heap before GC invocations=40 (full 0):
 garbage-first heap   total 186368K, used 149330K [0x0000000080000000, 0x0000000100000000)
  region size 1024K, 43 young (44032K), 6 survivors (6144K)
 Metaspace       used 101232K, committed 103872K, reserved 1179648K
  class space    used 14324K, committed 15616K, reserved 1048576K
}
Event: 13.917 GC heap after
{Heap after GC invocations=41 (full 0):
 garbage-first heap   total 186368K, used 116578K [0x0000000080000000, 0x0000000100000000)
  region size 1024K, 6 young (6144K), 6 survivors (6144K)
 Metaspace       used 101232K, committed 103872K, reserved 1179648K
  class space    used 14324K, committed 15616K, reserved 1048576K
}
Event: 17.737 GC heap before
{Heap before GC invocations=41 (full 0):
 garbage-first heap   total 186368K, used 166754K [0x0000000080000000, 0x0000000100000000)
  region size 1024K, 55 young (56320K), 6 survivors (6144K)
 Metaspace       used 101517K, committed 104192K, reserved 1179648K
  class space    used 14346K, committed 15680K, reserved 1048576K
}
Event: 17.742 GC heap after
{Heap after GC invocations=42 (full 0):
 garbage-first heap   total 186368K, used 120913K [0x0000000080000000, 0x0000000100000000)
  region size 1024K, 6 young (6144K), 6 survivors (6144K)
 Metaspace       used 101517K, committed 104192K, reserved 1179648K
  class space    used 14346K, committed 15680K, reserved 1048576K
}
Event: 19.156 GC heap before
{Heap before GC invocations=42 (full 0):
 garbage-first heap   total 186368K, used 168017K [0x0000000080000000, 0x0000000100000000)
  region size 1024K, 53 young (54272K), 6 survivors (6144K)
 Metaspace       used 103057K, committed 105792K, reserved 1179648K
  class space    used 14550K, committed 15936K, reserved 1048576K
}
Event: 19.162 GC heap after
{Heap after GC invocations=43 (full 0):
 garbage-first heap   total 186368K, used 127665K [0x0000000080000000, 0x0000000100000000)
  region size 1024K, 7 young (7168K), 7 survivors (7168K)
 Metaspace       used 103057K, committed 105792K, reserved 1179648K
  class space    used 14550K, committed 15936K, reserved 1048576K
}
Event: 19.671 GC heap before
{Heap before GC invocations=44 (full 0):
 garbage-first heap   total 214016K, used 167601K [0x0000000080000000, 0x0000000100000000)
  region size 1024K, 46 young (47104K), 7 survivors (7168K)
 Metaspace       used 103231K, committed 105920K, reserved 1179648K
  class space    used 14546K, committed 15936K, reserved 1048576K
}
Event: 19.674 GC heap after
{Heap after GC invocations=45 (full 0):
 garbage-first heap   total 214016K, used 131284K [0x0000000080000000, 0x0000000100000000)
  region size 1024K, 4 young (4096K), 4 survivors (4096K)
 Metaspace       used 103231K, committed 105920K, reserved 1179648K
  class space    used 14546K, committed 15936K, reserved 1048576K
}
Event: 21.067 GC heap before
{Heap before GC invocations=45 (full 0):
 garbage-first heap   total 214016K, used 192724K [0x0000000080000000, 0x0000000100000000)
  region size 1024K, 65 young (66560K), 4 survivors (4096K)
 Metaspace       used 103430K, committed 106176K, reserved 1179648K
  class space    used 14549K, committed 15936K, reserved 1048576K
}
Event: 21.072 GC heap after
{Heap after GC invocations=46 (full 0):
 garbage-first heap   total 214016K, used 125367K [0x0000000080000000, 0x0000000100000000)
  region size 1024K, 9 young (9216K), 9 survivors (9216K)
 Metaspace       used 103430K, committed 106176K, reserved 1179648K
  class space    used 14549K, committed 15936K, reserved 1048576K
}

