# JRE version: OpenJDK Runtime Environment Temurin-21.0.7+6 (21.0.7+6) (build 21.0.7+6-LTS)
# Java VM: OpenJDK 64-Bit Server VM Temurin-21.0.7+6 (21.0.7+6-LTS, mixed mode, sharing, tiered, compressed oops, compressed class ptrs, g1 gc, windows-amd64)
GC Precious Log:
 CardTable entry size: 512
 Card Set container configuration: InlinePtr #cards 5 size 8 Array Of Cards #cards 12 size 40 Howl #buckets 4 coarsen threshold 1843 Howl Bitmap #cards 512 size 80 coarsen threshold 460 Card regions per heap region 1 cards per card region 2048
 CPUs: 12 total, 12 available
 Memory: 16197M
 Large Page Support: Disabled
 NUMA Support: Disabled
 Compressed Oops: Enabled (32-bit)
 Heap Region Size: 1M
 Heap Min Capacity: 8M
 Heap Initial Capacity: 254M
 Heap Max Capacity: 2G
 Pre-touch: Disabled
 Parallel Workers: 10
 Concurrent Workers: 3
 Concurrent Refinement Workers: 10
 Periodic GC: Disabled
Heap:
 garbage-first heap   total 501760K, used 292521K [0x0000000080000000, 0x0000000100000000)
  region size 1024K, 37 young (37888K), 19 survivors (19456K)
 Metaspace       used 300581K, committed 303232K, reserved 1376256K
  class space    used 38298K, committed 39616K, reserved 1048576K
GC Heap History (20 events):
Event: 3093.591 GC heap before
{Heap before GC invocations=100 (full 0):
 garbage-first heap   total 467968K, used 420352K [0x0000000080000000, 0x0000000100000000)
  region size 1024K, 210 young (215040K), 13 survivors (13312K)
 Metaspace       used 251432K, committed 253696K, reserved 1310720K
  class space    used 32052K, committed 33216K, reserved 1048576K
}
Event: 3093.598 GC heap after
{Heap after GC invocations=101 (full 0):
 garbage-first heap   total 467968K, used 224225K [0x0000000080000000, 0x0000000100000000)
  region size 1024K, 20 young (20480K), 20 survivors (20480K)
 Metaspace       used 251432K, committed 253696K, reserved 1310720K
  class space    used 32052K, committed 33216K, reserved 1048576K
}
Event: 3093.730 GC heap before
{Heap before GC invocations=101 (full 0):
 garbage-first heap   total 467968K, used 420833K [0x0000000080000000, 0x0000000100000000)
  region size 1024K, 213 young (218112K), 20 survivors (20480K)
 Metaspace       used 251709K, committed 254016K, reserved 1310720K
  class space    used 32054K, committed 33216K, reserved 1048576K
}
Event: 3093.740 GC heap after
{Heap after GC invocations=102 (full 0):
 garbage-first heap   total 467968K, used 194719K [0x0000000080000000, 0x0000000100000000)
  region size 1024K, 13 young (13312K), 13 survivors (13312K)
 Metaspace       used 251709K, committed 254016K, reserved 1310720K
  class space    used 32054K, committed 33216K, reserved 1048576K
}
Event: 3093.821 GC heap before
{Heap before GC invocations=102 (full 0):
 garbage-first heap   total 467968K, used 354463K [0x0000000080000000, 0x0000000100000000)
  region size 1024K, 171 young (175104K), 13 survivors (13312K)
 Metaspace       used 251744K, committed 254016K, reserved 1310720K
  class space    used 32054K, committed 33216K, reserved 1048576K
}
Event: 3093.826 GC heap after
{Heap after GC invocations=103 (full 0):
 garbage-first heap   total 467968K, used 193315K [0x0000000080000000, 0x0000000100000000)
  region size 1024K, 12 young (12288K), 12 survivors (12288K)
 Metaspace       used 251744K, committed 254016K, reserved 1310720K
  class space    used 32054K, committed 33216K, reserved 1048576K
}
Event: 3094.023 GC heap before
{Heap before GC invocations=104 (full 0):
 garbage-first heap   total 467968K, used 414499K [0x0000000080000000, 0x0000000100000000)
  region size 1024K, 227 young (232448K), 12 survivors (12288K)
 Metaspace       used 251835K, committed 254144K, reserved 1310720K
  class space    used 32054K, committed 33216K, reserved 1048576K
}
Event: 3094.028 GC heap after
{Heap after GC invocations=105 (full 0):
 garbage-first heap   total 467968K, used 193653K [0x0000000080000000, 0x0000000100000000)
  region size 1024K, 12 young (12288K), 12 survivors (12288K)
 Metaspace       used 251835K, committed 254144K, reserved 1310720K
  class space    used 32054K, committed 33216K, reserved 1048576K
}
Event: 3200.522 GC heap before
{Heap before GC invocations=105 (full 0):
 garbage-first heap   total 467968K, used 429173K [0x0000000080000000, 0x0000000100000000)
  region size 1024K, 243 young (248832K), 12 survivors (12288K)
 Metaspace       used 253124K, committed 255488K, reserved 1310720K
  class space    used 32218K, committed 33408K, reserved 1048576K
}
Event: 3200.527 GC heap after
{Heap after GC invocations=106 (full 0):
 garbage-first heap   total 467968K, used 189982K [0x0000000080000000, 0x0000000100000000)
  region size 1024K, 11 young (11264K), 11 survivors (11264K)
 Metaspace       used 253124K, committed 255488K, reserved 1310720K
  class space    used 32218K, committed 33408K, reserved 1048576K
}
Event: 3353.551 GC heap before
{Heap before GC invocations=106 (full 0):
 garbage-first heap   total 467968K, used 459294K [0x0000000080000000, 0x0000000100000000)
  region size 1024K, 247 young (252928K), 11 survivors (11264K)
 Metaspace       used 255416K, committed 257728K, reserved 1310720K
  class space    used 32548K, committed 33728K, reserved 1048576K
}
Event: 3353.593 GC heap after
{Heap after GC invocations=107 (full 0):
 garbage-first heap   total 501760K, used 238379K [0x0000000080000000, 0x0000000100000000)
  region size 1024K, 31 young (31744K), 31 survivors (31744K)
 Metaspace       used 255416K, committed 257728K, reserved 1310720K
  class space    used 32548K, committed 33728K, reserved 1048576K
}
Event: 3356.056 GC heap before
{Heap before GC invocations=107 (full 0):
 garbage-first heap   total 501760K, used 443179K [0x0000000080000000, 0x0000000100000000)
  region size 1024K, 232 young (237568K), 31 survivors (31744K)
 Metaspace       used 260862K, committed 263232K, reserved 1310720K
  class space    used 33277K, committed 34432K, reserved 1048576K
}
Event: 3356.071 GC heap after
{Heap after GC invocations=108 (full 0):
 garbage-first heap   total 501760K, used 248764K [0x0000000080000000, 0x0000000100000000)
  region size 1024K, 10 young (10240K), 10 survivors (10240K)
 Metaspace       used 260862K, committed 263232K, reserved 1310720K
  class space    used 33277K, committed 34432K, reserved 1048576K
}
Event: 3358.532 GC heap before
{Heap before GC invocations=109 (full 0):
 garbage-first heap   total 501760K, used 469948K [0x0000000080000000, 0x0000000100000000)
  region size 1024K, 221 young (226304K), 10 survivors (10240K)
 Metaspace       used 270889K, committed 273344K, reserved 1310720K
  class space    used 34478K, committed 35712K, reserved 1048576K
}
Event: 3358.539 GC heap after
{Heap after GC invocations=110 (full 0):
 garbage-first heap   total 501760K, used 258429K [0x0000000080000000, 0x0000000100000000)
  region size 1024K, 19 young (19456K), 19 survivors (19456K)
 Metaspace       used 270889K, committed 273344K, reserved 1310720K
  class space    used 34478K, committed 35712K, reserved 1048576K
}
Event: 3362.149 GC heap before
{Heap before GC invocations=110 (full 0):
 garbage-first heap   total 501760K, used 460157K [0x0000000080000000, 0x0000000100000000)
  region size 1024K, 212 young (217088K), 19 survivors (19456K)
 Metaspace       used 289270K, committed 291904K, reserved 1310720K
  class space    used 37029K, committed 38336K, reserved 1048576K
}
Event: 3362.161 GC heap after
{Heap after GC invocations=111 (full 0):
 garbage-first heap   total 501760K, used 264605K [0x0000000080000000, 0x0000000100000000)
  region size 1024K, 21 young (21504K), 21 survivors (21504K)
 Metaspace       used 289270K, committed 291904K, reserved 1310720K
  class space    used 37029K, committed 38336K, reserved 1048576K
}
Event: 3363.328 GC heap before
{Heap before GC invocations=111 (full 0):
 garbage-first heap   total 501760K, used 402845K [0x0000000080000000, 0x0000000100000000)
  region size 1024K, 158 young (161792K), 21 survivors (21504K)
 Metaspace       used 298722K, committed 301312K, reserved 1376256K
  class space    used 38114K, committed 39424K, reserved 1048576K
}
Event: 3363.337 GC heap after
{Heap after GC invocations=112 (full 0):
 garbage-first heap   total 501760K, used 274089K [0x0000000080000000, 0x0000000100000000)
  region size 1024K, 19 young (19456K), 19 survivors (19456K)
 Metaspace       used 298722K, committed 301312K, reserved 1376256K
  class space    used 38114K, committed 39424K, reserved 1048576K
}

