# JRE version: OpenJDK Runtime Environment Microsoft-11933218 (21.0.8+9) (build 21.0.8+9-LTS)
# Java VM: OpenJDK 64-Bit Server VM Microsoft-11933218 (21.0.8+9-LTS, mixed mode, sharing, tiered, compressed oops, compressed class ptrs, g1 gc, windows-amd64)
GC Precious Log:
 CardTable entry size: 512
 Card Set container configuration: InlinePtr #cards 5 size 8 Array Of Cards #cards 12 size 40 Howl #buckets 4 coarsen threshold 1843 Howl Bitmap #cards 512 size 80 coarsen threshold 460 Card regions per heap region 1 cards per card region 2048
 CPUs: 12 total, 12 available
 Memory: 16197M
 Large Page Support: Disabled
 NUMA Support: Disabled
 Compressed Oops: Enabled (32-bit)
 Heap Region Size: 1M
 Heap Min Capacity: 8M
 Heap Initial Capacity: 254M
 Heap Max Capacity: 1G
 Pre-touch: Disabled
 Parallel Workers: 10
 Concurrent Workers: 3
 Concurrent Refinement Workers: 10
 Periodic GC: Disabled
Heap:
 garbage-first heap   total 204800K, used 181056K [0x00000000c0000000, 0x0000000100000000)
  region size 1024K, 63 young (64512K), 3 survivors (3072K)
 Metaspace       used 131739K, committed 134656K, reserved 1179648K
  class space    used 18252K, committed 19712K, reserved 1048576K
GC Heap History (20 events):
Event: 13.148 GC heap before
{Heap before GC invocations=43 (full 0):
 garbage-first heap   total 168960K, used 132569K [0x00000000c0000000, 0x0000000100000000)
  region size 1024K, 37 young (37888K), 5 survivors (5120K)
 Metaspace       used 104161K, committed 106880K, reserved 1179648K
  class space    used 14729K, committed 16128K, reserved 1048576K
}
Event: 13.150 GC heap after
{Heap after GC invocations=44 (full 0):
 garbage-first heap   total 168960K, used 103101K [0x00000000c0000000, 0x0000000100000000)
  region size 1024K, 3 young (3072K), 3 survivors (3072K)
 Metaspace       used 104161K, committed 106880K, reserved 1179648K
  class space    used 14729K, committed 16128K, reserved 1048576K
}
Event: 13.584 GC heap before
{Heap before GC invocations=44 (full 0):
 garbage-first heap   total 168960K, used 153277K [0x00000000c0000000, 0x0000000100000000)
  region size 1024K, 53 young (54272K), 3 survivors (3072K)
 Metaspace       used 106909K, committed 109632K, reserved 1179648K
  class space    used 15044K, committed 16448K, reserved 1048576K
}
Event: 13.588 GC heap after
{Heap after GC invocations=45 (full 0):
 garbage-first heap   total 168960K, used 106634K [0x00000000c0000000, 0x0000000100000000)
  region size 1024K, 7 young (7168K), 7 survivors (7168K)
 Metaspace       used 106909K, committed 109632K, reserved 1179648K
  class space    used 15044K, committed 16448K, reserved 1048576K
}
Event: 18.966 GC heap before
{Heap before GC invocations=45 (full 0):
 garbage-first heap   total 168960K, used 150666K [0x00000000c0000000, 0x0000000100000000)
  region size 1024K, 51 young (52224K), 7 survivors (7168K)
 Metaspace       used 109404K, committed 112128K, reserved 1179648K
  class space    used 15406K, committed 16768K, reserved 1048576K
}
Event: 18.970 GC heap after
{Heap after GC invocations=46 (full 0):
 garbage-first heap   total 168960K, used 110940K [0x00000000c0000000, 0x0000000100000000)
  region size 1024K, 5 young (5120K), 5 survivors (5120K)
 Metaspace       used 109404K, committed 112128K, reserved 1179648K
  class space    used 15406K, committed 16768K, reserved 1048576K
}
Event: 19.457 GC heap before
{Heap before GC invocations=47 (full 0):
 garbage-first heap   total 186368K, used 152924K [0x00000000c0000000, 0x0000000100000000)
  region size 1024K, 46 young (47104K), 5 survivors (5120K)
 Metaspace       used 109470K, committed 112384K, reserved 1179648K
  class space    used 15411K, committed 16896K, reserved 1048576K
}
Event: 19.459 GC heap after
{Heap after GC invocations=48 (full 0):
 garbage-first heap   total 186368K, used 113265K [0x00000000c0000000, 0x0000000100000000)
  region size 1024K, 3 young (3072K), 3 survivors (3072K)
 Metaspace       used 109470K, committed 112384K, reserved 1179648K
  class space    used 15411K, committed 16896K, reserved 1048576K
}
Event: 19.897 GC heap before
{Heap before GC invocations=48 (full 0):
 garbage-first heap   total 186368K, used 174705K [0x00000000c0000000, 0x0000000100000000)
  region size 1024K, 58 young (59392K), 3 survivors (3072K)
 Metaspace       used 111661K, committed 114432K, reserved 1179648K
  class space    used 15560K, committed 16960K, reserved 1048576K
}
Event: 19.900 GC heap after
{Heap after GC invocations=49 (full 0):
 garbage-first heap   total 186368K, used 113086K [0x00000000c0000000, 0x0000000100000000)
  region size 1024K, 5 young (5120K), 5 survivors (5120K)
 Metaspace       used 111661K, committed 114432K, reserved 1179648K
  class space    used 15560K, committed 16960K, reserved 1048576K
}
Event: 20.614 GC heap before
{Heap before GC invocations=49 (full 0):
 garbage-first heap   total 186368K, used 169406K [0x00000000c0000000, 0x0000000100000000)
  region size 1024K, 61 young (62464K), 5 survivors (5120K)
 Metaspace       used 113195K, committed 116032K, reserved 1179648K
  class space    used 15733K, committed 17152K, reserved 1048576K
}
Event: 20.618 GC heap after
{Heap after GC invocations=50 (full 0):
 garbage-first heap   total 186368K, used 118784K [0x00000000c0000000, 0x0000000100000000)
  region size 1024K, 8 young (8192K), 8 survivors (8192K)
 Metaspace       used 113195K, committed 116032K, reserved 1179648K
  class space    used 15733K, committed 17152K, reserved 1048576K
}
Event: 22.028 GC heap before
{Heap before GC invocations=51 (full 0):
 garbage-first heap   total 198656K, used 167936K [0x00000000c0000000, 0x0000000100000000)
  region size 1024K, 55 young (56320K), 8 survivors (8192K)
 Metaspace       used 114691K, committed 117504K, reserved 1179648K
  class space    used 15921K, committed 17344K, reserved 1048576K
}
Event: 22.031 GC heap after
{Heap after GC invocations=52 (full 0):
 garbage-first heap   total 198656K, used 121157K [0x00000000c0000000, 0x0000000100000000)
  region size 1024K, 4 young (4096K), 4 survivors (4096K)
 Metaspace       used 114691K, committed 117504K, reserved 1179648K
  class space    used 15921K, committed 17344K, reserved 1048576K
}
Event: 22.788 GC heap before
{Heap before GC invocations=52 (full 0):
 garbage-first heap   total 198656K, used 180549K [0x00000000c0000000, 0x0000000100000000)
  region size 1024K, 63 young (64512K), 4 survivors (4096K)
 Metaspace       used 122420K, committed 125248K, reserved 1179648K
  class space    used 16974K, committed 18368K, reserved 1048576K
}
Event: 22.791 GC heap after
{Heap after GC invocations=53 (full 0):
 garbage-first heap   total 198656K, used 120607K [0x00000000c0000000, 0x0000000100000000)
  region size 1024K, 6 young (6144K), 6 survivors (6144K)
 Metaspace       used 122420K, committed 125248K, reserved 1179648K
  class space    used 16974K, committed 18368K, reserved 1048576K
}
Event: 23.467 GC heap before
{Heap before GC invocations=53 (full 0):
 garbage-first heap   total 198656K, used 179999K [0x00000000c0000000, 0x0000000100000000)
  region size 1024K, 64 young (65536K), 6 survivors (6144K)
 Metaspace       used 128263K, committed 131136K, reserved 1179648K
  class space    used 17862K, committed 19328K, reserved 1048576K
}
Event: 23.470 GC heap after
{Heap after GC invocations=54 (full 0):
 garbage-first heap   total 198656K, used 122443K [0x00000000c0000000, 0x0000000100000000)
  region size 1024K, 4 young (4096K), 4 survivors (4096K)
 Metaspace       used 128263K, committed 131136K, reserved 1179648K
  class space    used 17862K, committed 19328K, reserved 1048576K
}
Event: 24.260 GC heap before
{Heap before GC invocations=55 (full 0):
 garbage-first heap   total 204800K, used 182859K [0x00000000c0000000, 0x0000000100000000)
  region size 1024K, 64 young (65536K), 4 survivors (4096K)
 Metaspace       used 131263K, committed 134144K, reserved 1179648K
  class space    used 18247K, committed 19712K, reserved 1048576K
}
Event: 24.262 GC heap after
{Heap after GC invocations=56 (full 0):
 garbage-first heap   total 204800K, used 121664K [0x00000000c0000000, 0x0000000100000000)
  region size 1024K, 3 young (3072K), 3 survivors (3072K)
 Metaspace       used 131263K, committed 134144K, reserved 1179648K
  class space    used 18247K, committed 19712K, reserved 1048576K
}

