# JRE version: OpenJDK Runtime Environment Microsoft-11933218 (21.0.8+9) (build 21.0.8+9-LTS)
# Java VM: OpenJDK 64-Bit Server VM Microsoft-11933218 (21.0.8+9-LTS, mixed mode, sharing, tiered, compressed oops, compressed class ptrs, g1 gc, windows-amd64)
GC Precious Log:
 CardTable entry size: 512
 Card Set container configuration: InlinePtr #cards 5 size 8 Array Of Cards #cards 12 size 40 Howl #buckets 4 coarsen threshold 1843 Howl Bitmap #cards 512 size 80 coarsen threshold 460 Card regions per heap region 1 cards per card region 2048
 CPUs: 12 total, 12 available
 Memory: 16197M
 Large Page Support: Disabled
 NUMA Support: Disabled
 Compressed Oops: Enabled (32-bit)
 Heap Region Size: 1M
 Heap Min Capacity: 8M
 Heap Initial Capacity: 254M
 Heap Max Capacity: 2G
 Pre-touch: Disabled
 Parallel Workers: 10
 Concurrent Workers: 3
 Concurrent Refinement Workers: 10
 Periodic GC: Disabled
Heap:
 garbage-first heap   total 442368K, used 329310K [0x0000000080000000, 0x0000000100000000)
  region size 1024K, 36 young (36864K), 12 survivors (12288K)
 Metaspace       used 118756K, committed 121280K, reserved 1179648K
  class space    used 16671K, committed 17920K, reserved 1048576K
GC Heap History (20 events):
Event: 11.293 GC heap before
{Heap before GC invocations=38 (full 0):
 garbage-first heap   total 186368K, used 143721K [0x0000000080000000, 0x0000000100000000)
  region size 1024K, 33 young (33792K), 8 survivors (8192K)
 Metaspace       used 106495K, committed 108864K, reserved 1179648K
  class space    used 14907K, committed 16064K, reserved 1048576K
}
Event: 11.296 GC heap after
{Heap after GC invocations=39 (full 0):
 garbage-first heap   total 186368K, used 123675K [0x0000000080000000, 0x0000000100000000)
  region size 1024K, 4 young (4096K), 4 survivors (4096K)
 Metaspace       used 106495K, committed 108864K, reserved 1179648K
  class space    used 14907K, committed 16064K, reserved 1048576K
}
Event: 11.462 GC heap before
{Heap before GC invocations=40 (full 0):
 garbage-first heap   total 280576K, used 207643K [0x0000000080000000, 0x0000000100000000)
  region size 1024K, 45 young (46080K), 4 survivors (4096K)
 Metaspace       used 107467K, committed 109888K, reserved 1179648K
  class space    used 15021K, committed 16192K, reserved 1048576K
}
Event: 11.466 GC heap after
{Heap after GC invocations=41 (full 0):
 garbage-first heap   total 280576K, used 150523K [0x0000000080000000, 0x0000000100000000)
  region size 1024K, 6 young (6144K), 6 survivors (6144K)
 Metaspace       used 107467K, committed 109888K, reserved 1179648K
  class space    used 15021K, committed 16192K, reserved 1048576K
}
Event: 11.700 GC heap before
{Heap before GC invocations=41 (full 0):
 garbage-first heap   total 280576K, used 243707K [0x0000000080000000, 0x0000000100000000)
  region size 1024K, 96 young (98304K), 6 survivors (6144K)
 Metaspace       used 109269K, committed 111808K, reserved 1179648K
  class space    used 15220K, committed 16512K, reserved 1048576K
}
Event: 11.711 GC heap after
{Heap after GC invocations=42 (full 0):
 garbage-first heap   total 280576K, used 173509K [0x0000000080000000, 0x0000000100000000)
  region size 1024K, 12 young (12288K), 12 survivors (12288K)
 Metaspace       used 109269K, committed 111808K, reserved 1179648K
  class space    used 15220K, committed 16512K, reserved 1048576K
}
Event: 12.093 GC heap before
{Heap before GC invocations=42 (full 0):
 garbage-first heap   total 280576K, used 243141K [0x0000000080000000, 0x0000000100000000)
  region size 1024K, 81 young (82944K), 12 survivors (12288K)
 Metaspace       used 112744K, committed 115264K, reserved 1179648K
  class space    used 15899K, committed 17152K, reserved 1048576K
}
Event: 12.117 GC heap after
{Heap after GC invocations=43 (full 0):
 garbage-first heap   total 336896K, used 196032K [0x0000000080000000, 0x0000000100000000)
  region size 1024K, 11 young (11264K), 11 survivors (11264K)
 Metaspace       used 112744K, committed 115264K, reserved 1179648K
  class space    used 15899K, committed 17152K, reserved 1048576K
}
Event: 12.259 GC heap before
{Heap before GC invocations=44 (full 0):
 garbage-first heap   total 336896K, used 281024K [0x0000000080000000, 0x0000000100000000)
  region size 1024K, 95 young (97280K), 11 survivors (11264K)
 Metaspace       used 112848K, committed 115328K, reserved 1179648K
  class space    used 15906K, committed 17152K, reserved 1048576K
}
Event: 12.279 GC heap after
{Heap after GC invocations=45 (full 0):
 garbage-first heap   total 336896K, used 239616K [0x0000000080000000, 0x0000000100000000)
  region size 1024K, 12 young (12288K), 12 survivors (12288K)
 Metaspace       used 112848K, committed 115328K, reserved 1179648K
  class space    used 15906K, committed 17152K, reserved 1048576K
}
Event: 12.361 GC heap before
{Heap before GC invocations=45 (full 0):
 garbage-first heap   total 336896K, used 290816K [0x0000000080000000, 0x0000000100000000)
  region size 1024K, 62 young (63488K), 12 survivors (12288K)
 Metaspace       used 112871K, committed 115392K, reserved 1179648K
  class space    used 15906K, committed 17152K, reserved 1048576K
}
Event: 12.380 GC heap after
{Heap after GC invocations=46 (full 0):
 garbage-first heap   total 336896K, used 266240K [0x0000000080000000, 0x0000000100000000)
  region size 1024K, 8 young (8192K), 8 survivors (8192K)
 Metaspace       used 112871K, committed 115392K, reserved 1179648K
  class space    used 15906K, committed 17152K, reserved 1048576K
}
Event: 12.403 GC heap before
{Heap before GC invocations=46 (full 0):
 garbage-first heap   total 336896K, used 271360K [0x0000000080000000, 0x0000000100000000)
  region size 1024K, 14 young (14336K), 8 survivors (8192K)
 Metaspace       used 112874K, committed 115392K, reserved 1179648K
  class space    used 15906K, committed 17152K, reserved 1048576K
}
Event: 12.408 GC heap after
{Heap after GC invocations=47 (full 0):
 garbage-first heap   total 336896K, used 271368K [0x0000000080000000, 0x0000000100000000)
  region size 1024K, 4 young (4096K), 4 survivors (4096K)
 Metaspace       used 112874K, committed 115392K, reserved 1179648K
  class space    used 15906K, committed 17152K, reserved 1048576K
}
Event: 12.759 GC heap before
{Heap before GC invocations=48 (full 0):
 garbage-first heap   total 442368K, used 292872K [0x0000000080000000, 0x0000000100000000)
  region size 1024K, 33 young (33792K), 4 survivors (4096K)
 Metaspace       used 114085K, committed 116608K, reserved 1179648K
  class space    used 16077K, committed 17280K, reserved 1048576K
}
Event: 12.763 GC heap after
{Heap after GC invocations=49 (full 0):
 garbage-first heap   total 442368K, used 271164K [0x0000000080000000, 0x0000000100000000)
  region size 1024K, 5 young (5120K), 5 survivors (5120K)
 Metaspace       used 114085K, committed 116608K, reserved 1179648K
  class space    used 16077K, committed 17280K, reserved 1048576K
}
Event: 13.241 GC heap before
{Heap before GC invocations=49 (full 0):
 garbage-first heap   total 442368K, used 357180K [0x0000000080000000, 0x0000000100000000)
  region size 1024K, 83 young (84992K), 5 survivors (5120K)
 Metaspace       used 117405K, committed 119872K, reserved 1179648K
  class space    used 16520K, committed 17728K, reserved 1048576K
}
Event: 13.249 GC heap after
{Heap after GC invocations=50 (full 0):
 garbage-first heap   total 442368K, used 275456K [0x0000000080000000, 0x0000000100000000)
  region size 1024K, 11 young (11264K), 11 survivors (11264K)
 Metaspace       used 117405K, committed 119872K, reserved 1179648K
  class space    used 16520K, committed 17728K, reserved 1048576K
}
Event: 13.600 GC heap before
{Heap before GC invocations=50 (full 0):
 garbage-first heap   total 442368K, used 359424K [0x0000000080000000, 0x0000000100000000)
  region size 1024K, 93 young (95232K), 11 survivors (11264K)
 Metaspace       used 118318K, committed 120768K, reserved 1179648K
  class space    used 16625K, committed 17856K, reserved 1048576K
}
Event: 13.610 GC heap after
{Heap after GC invocations=51 (full 0):
 garbage-first heap   total 442368K, used 290398K [0x0000000080000000, 0x0000000100000000)
  region size 1024K, 12 young (12288K), 12 survivors (12288K)
 Metaspace       used 118318K, committed 120768K, reserved 1179648K
  class space    used 16625K, committed 17856K, reserved 1048576K
}

