# JRE version: OpenJDK Runtime Environment Microsoft-11933218 (21.0.8+9) (build 21.0.8+9-LTS)
# Java VM: OpenJDK 64-Bit Server VM Microsoft-11933218 (21.0.8+9-LTS, mixed mode, sharing, tiered, compressed oops, compressed class ptrs, g1 gc, windows-amd64)
GC Precious Log:
 CardTable entry size: 512
 Card Set container configuration: InlinePtr #cards 5 size 8 Array Of Cards #cards 12 size 40 Howl #buckets 4 coarsen threshold 1843 Howl Bitmap #cards 512 size 80 coarsen threshold 460 Card regions per heap region 1 cards per card region 2048
 CPUs: 12 total, 12 available
 Memory: 16197M
 Large Page Support: Disabled
 NUMA Support: Disabled
 Compressed Oops: Enabled (32-bit)
 Heap Region Size: 1M
 Heap Min Capacity: 8M
 Heap Initial Capacity: 254M
 Heap Max Capacity: 1G
 Pre-touch: Disabled
 Parallel Workers: 10
 Concurrent Workers: 3
 Concurrent Refinement Workers: 10
 Periodic GC: Disabled
Heap:
 garbage-first heap   total 132096K, used 82321K [0x00000000c0000000, 0x0000000100000000)
  region size 1024K, 8 young (8192K), 4 survivors (4096K)
 Metaspace       used 83826K, committed 86144K, reserved 1179648K
  class space    used 11737K, committed 12864K, reserved 1048576K
GC Heap History (20 events):
Event: 7.313 GC heap before
{Heap before GC invocations=19 (full 0):
 garbage-first heap   total 92160K, used 89855K [0x00000000c0000000, 0x0000000100000000)
  region size 1024K, 36 young (36864K), 3 survivors (3072K)
 Metaspace       used 62898K, committed 64960K, reserved 1114112K
  class space    used 8921K, committed 9920K, reserved 1048576K
}
Event: 7.316 GC heap after
{Heap after GC invocations=20 (full 0):
 garbage-first heap   total 100352K, used 62371K [0x00000000c0000000, 0x0000000100000000)
  region size 1024K, 5 young (5120K), 5 survivors (5120K)
 Metaspace       used 62898K, committed 64960K, reserved 1114112K
  class space    used 8921K, committed 9920K, reserved 1048576K
}
Event: 7.577 GC heap before
{Heap before GC invocations=20 (full 0):
 garbage-first heap   total 100352K, used 87971K [0x00000000c0000000, 0x0000000100000000)
  region size 1024K, 31 young (31744K), 5 survivors (5120K)
 Metaspace       used 65468K, committed 67584K, reserved 1114112K
  class space    used 9199K, committed 10240K, reserved 1048576K
}
Event: 7.579 GC heap after
{Heap after GC invocations=21 (full 0):
 garbage-first heap   total 100352K, used 63657K [0x00000000c0000000, 0x0000000100000000)
  region size 1024K, 2 young (2048K), 2 survivors (2048K)
 Metaspace       used 65468K, committed 67584K, reserved 1114112K
  class space    used 9199K, committed 10240K, reserved 1048576K
}
Event: 7.816 GC heap before
{Heap before GC invocations=21 (full 0):
 garbage-first heap   total 100352K, used 88233K [0x00000000c0000000, 0x0000000100000000)
  region size 1024K, 27 young (27648K), 2 survivors (2048K)
 Metaspace       used 67953K, committed 70144K, reserved 1114112K
  class space    used 9578K, committed 10688K, reserved 1048576K
}
Event: 7.818 GC heap after
{Heap after GC invocations=22 (full 0):
 garbage-first heap   total 100352K, used 64472K [0x00000000c0000000, 0x0000000100000000)
  region size 1024K, 2 young (2048K), 2 survivors (2048K)
 Metaspace       used 67953K, committed 70144K, reserved 1114112K
  class space    used 9578K, committed 10688K, reserved 1048576K
}
Event: 8.093 GC heap before
{Heap before GC invocations=23 (full 0):
 garbage-first heap   total 111616K, used 93144K [0x00000000c0000000, 0x0000000100000000)
  region size 1024K, 29 young (29696K), 2 survivors (2048K)
 Metaspace       used 71224K, committed 73408K, reserved 1114112K
  class space    used 9990K, committed 11072K, reserved 1048576K
}
Event: 8.094 GC heap after
{Heap after GC invocations=24 (full 0):
 garbage-first heap   total 111616K, used 68078K [0x00000000c0000000, 0x0000000100000000)
  region size 1024K, 4 young (4096K), 4 survivors (4096K)
 Metaspace       used 71224K, committed 73408K, reserved 1114112K
  class space    used 9990K, committed 11072K, reserved 1048576K
}
Event: 8.364 GC heap before
{Heap before GC invocations=24 (full 0):
 garbage-first heap   total 111616K, used 100846K [0x00000000c0000000, 0x0000000100000000)
  region size 1024K, 36 young (36864K), 4 survivors (4096K)
 Metaspace       used 73559K, committed 75840K, reserved 1114112K
  class space    used 10340K, committed 11456K, reserved 1048576K
}
Event: 8.366 GC heap after
{Heap after GC invocations=25 (full 0):
 garbage-first heap   total 111616K, used 69331K [0x00000000c0000000, 0x0000000100000000)
  region size 1024K, 5 young (5120K), 5 survivors (5120K)
 Metaspace       used 73559K, committed 75840K, reserved 1114112K
  class space    used 10340K, committed 11456K, reserved 1048576K
}
Event: 8.424 GC heap before
{Heap before GC invocations=25 (full 0):
 garbage-first heap   total 111616K, used 72403K [0x00000000c0000000, 0x0000000100000000)
  region size 1024K, 9 young (9216K), 5 survivors (5120K)
 Metaspace       used 74646K, committed 76928K, reserved 1114112K
  class space    used 10449K, committed 11584K, reserved 1048576K
}
Event: 8.426 GC heap after
{Heap after GC invocations=26 (full 0):
 garbage-first heap   total 111616K, used 70268K [0x00000000c0000000, 0x0000000100000000)
  region size 1024K, 3 young (3072K), 3 survivors (3072K)
 Metaspace       used 74646K, committed 76928K, reserved 1114112K
  class space    used 10449K, committed 11584K, reserved 1048576K
}
Event: 8.616 GC heap before
{Heap before GC invocations=27 (full 0):
 garbage-first heap   total 124928K, used 106108K [0x00000000c0000000, 0x0000000100000000)
  region size 1024K, 33 young (33792K), 3 survivors (3072K)
 Metaspace       used 76043K, committed 78336K, reserved 1179648K
  class space    used 10645K, committed 11776K, reserved 1048576K
}
Event: 8.618 GC heap after
{Heap after GC invocations=28 (full 0):
 garbage-first heap   total 124928K, used 74612K [0x00000000c0000000, 0x0000000100000000)
  region size 1024K, 5 young (5120K), 5 survivors (5120K)
 Metaspace       used 76043K, committed 78336K, reserved 1179648K
  class space    used 10645K, committed 11776K, reserved 1048576K
}
Event: 8.876 GC heap before
{Heap before GC invocations=28 (full 0):
 garbage-first heap   total 124928K, used 108404K [0x00000000c0000000, 0x0000000100000000)
  region size 1024K, 39 young (39936K), 5 survivors (5120K)
 Metaspace       used 78522K, committed 80768K, reserved 1179648K
  class space    used 10932K, committed 12032K, reserved 1048576K
}
Event: 8.878 GC heap after
{Heap after GC invocations=29 (full 0):
 garbage-first heap   total 124928K, used 76239K [0x00000000c0000000, 0x0000000100000000)
  region size 1024K, 3 young (3072K), 3 survivors (3072K)
 Metaspace       used 78522K, committed 80768K, reserved 1179648K
  class space    used 10932K, committed 12032K, reserved 1048576K
}
Event: 9.165 GC heap before
{Heap before GC invocations=29 (full 0):
 garbage-first heap   total 124928K, used 110031K [0x00000000c0000000, 0x0000000100000000)
  region size 1024K, 37 young (37888K), 3 survivors (3072K)
 Metaspace       used 80845K, committed 83072K, reserved 1179648K
  class space    used 11232K, committed 12352K, reserved 1048576K
}
Event: 9.168 GC heap after
{Heap after GC invocations=30 (full 0):
 garbage-first heap   total 124928K, used 77911K [0x00000000c0000000, 0x0000000100000000)
  region size 1024K, 4 young (4096K), 4 survivors (4096K)
 Metaspace       used 80845K, committed 83072K, reserved 1179648K
  class space    used 11232K, committed 12352K, reserved 1048576K
}
Event: 9.490 GC heap before
{Heap before GC invocations=31 (full 0):
 garbage-first heap   total 132096K, used 112727K [0x00000000c0000000, 0x0000000100000000)
  region size 1024K, 38 young (38912K), 4 survivors (4096K)
 Metaspace       used 83567K, committed 85888K, reserved 1179648K
  class space    used 11699K, committed 12864K, reserved 1048576K
}
Event: 9.493 GC heap after
{Heap after GC invocations=32 (full 0):
 garbage-first heap   total 132096K, used 79249K [0x00000000c0000000, 0x0000000100000000)
  region size 1024K, 4 young (4096K), 4 survivors (4096K)
 Metaspace       used 83567K, committed 85888K, reserved 1179648K
  class space    used 11699K, committed 12864K, reserved 1048576K
}

