# JRE version: OpenJDK Runtime Environment Microsoft-11933218 (21.0.8+9) (build 21.0.8+9-LTS)
# Java VM: OpenJDK 64-Bit Server VM Microsoft-11933218 (21.0.8+9-LTS, mixed mode, sharing, tiered, compressed oops, compressed class ptrs, g1 gc, windows-amd64)
GC Precious Log:
 CardTable entry size: 512
 Card Set container configuration: InlinePtr #cards 5 size 8 Array Of Cards #cards 12 size 40 Howl #buckets 4 coarsen threshold 1843 Howl Bitmap #cards 512 size 80 coarsen threshold 460 Card regions per heap region 1 cards per card region 2048
 CPUs: 12 total, 12 available
 Memory: 16197M
 Large Page Support: Disabled
 NUMA Support: Disabled
 Compressed Oops: Enabled (32-bit)
 Heap Region Size: 1M
 Heap Min Capacity: 8M
 Heap Initial Capacity: 254M
 Heap Max Capacity: 2G
 Pre-touch: Disabled
 Parallel Workers: 10
 Concurrent Workers: 3
 Concurrent Refinement Workers: 10
 Periodic GC: Disabled
Heap:
 garbage-first heap   total 150528K, used 110093K [0x0000000080000000, 0x0000000100000000)
  region size 1024K, 33 young (33792K), 2 survivors (2048K)
 Metaspace       used 77118K, committed 79488K, reserved 1179648K
  class space    used 10870K, committed 12032K, reserved 1048576K
GC Heap History (20 events):
Event: 6.747 GC heap before
{Heap before GC invocations=17 (full 0):
 garbage-first heap   total 93184K, used 80396K [0x0000000080000000, 0x0000000100000000)
  region size 1024K, 33 young (33792K), 5 survivors (5120K)
 Metaspace       used 59899K, committed 62080K, reserved 1114112K
  class space    used 8673K, committed 9728K, reserved 1048576K
}
Event: 6.750 GC heap after
{Heap after GC invocations=18 (full 0):
 garbage-first heap   total 93184K, used 52935K [0x0000000080000000, 0x0000000100000000)
  region size 1024K, 2 young (2048K), 2 survivors (2048K)
 Metaspace       used 59899K, committed 62080K, reserved 1114112K
  class space    used 8673K, committed 9728K, reserved 1048576K
}
Event: 6.902 GC heap before
{Heap before GC invocations=18 (full 0):
 garbage-first heap   total 93184K, used 81607K [0x0000000080000000, 0x0000000100000000)
  region size 1024K, 31 young (31744K), 2 survivors (2048K)
 Metaspace       used 60119K, committed 62208K, reserved 1114112K
  class space    used 8673K, committed 9728K, reserved 1048576K
}
Event: 6.904 GC heap after
{Heap after GC invocations=19 (full 0):
 garbage-first heap   total 93184K, used 53487K [0x0000000080000000, 0x0000000100000000)
  region size 1024K, 2 young (2048K), 2 survivors (2048K)
 Metaspace       used 60119K, committed 62208K, reserved 1114112K
  class space    used 8673K, committed 9728K, reserved 1048576K
}
Event: 7.085 GC heap before
{Heap before GC invocations=20 (full 0):
 garbage-first heap   total 93184K, used 86255K [0x0000000080000000, 0x0000000100000000)
  region size 1024K, 32 young (32768K), 2 survivors (2048K)
 Metaspace       used 60507K, committed 62656K, reserved 1114112K
  class space    used 8729K, committed 9792K, reserved 1048576K
}
Event: 7.087 GC heap after
{Heap after GC invocations=21 (full 0):
 garbage-first heap   total 93184K, used 59328K [0x0000000080000000, 0x0000000100000000)
  region size 1024K, 4 young (4096K), 4 survivors (4096K)
 Metaspace       used 60507K, committed 62656K, reserved 1114112K
  class space    used 8729K, committed 9792K, reserved 1048576K
}
Event: 7.222 GC heap before
{Heap before GC invocations=21 (full 0):
 garbage-first heap   total 93184K, used 88000K [0x0000000080000000, 0x0000000100000000)
  region size 1024K, 27 young (27648K), 4 survivors (4096K)
 Metaspace       used 61617K, committed 63808K, reserved 1114112K
  class space    used 8851K, committed 9920K, reserved 1048576K
}
Event: 7.225 GC heap after
{Heap after GC invocations=22 (full 0):
 garbage-first heap   total 100352K, used 69582K [0x0000000080000000, 0x0000000100000000)
  region size 1024K, 4 young (4096K), 4 survivors (4096K)
 Metaspace       used 61617K, committed 63808K, reserved 1114112K
  class space    used 8851K, committed 9920K, reserved 1048576K
}
Event: 7.392 GC heap before
{Heap before GC invocations=22 (full 0):
 garbage-first heap   total 100352K, used 89038K [0x0000000080000000, 0x0000000100000000)
  region size 1024K, 24 young (24576K), 4 survivors (4096K)
 Metaspace       used 63457K, committed 65664K, reserved 1114112K
  class space    used 9062K, committed 10176K, reserved 1048576K
}
Event: 7.394 GC heap after
{Heap after GC invocations=23 (full 0):
 garbage-first heap   total 100352K, used 70124K [0x0000000080000000, 0x0000000100000000)
  region size 1024K, 1 young (1024K), 1 survivors (1024K)
 Metaspace       used 63457K, committed 65664K, reserved 1114112K
  class space    used 9062K, committed 10176K, reserved 1048576K
}
Event: 7.593 GC heap before
{Heap before GC invocations=24 (full 0):
 garbage-first heap   total 117760K, used 91628K [0x0000000080000000, 0x0000000100000000)
  region size 1024K, 22 young (22528K), 1 survivors (1024K)
 Metaspace       used 65472K, committed 67712K, reserved 1114112K
  class space    used 9325K, committed 10432K, reserved 1048576K
}
Event: 7.595 GC heap after
{Heap after GC invocations=25 (full 0):
 garbage-first heap   total 117760K, used 70639K [0x0000000080000000, 0x0000000100000000)
  region size 1024K, 2 young (2048K), 2 survivors (2048K)
 Metaspace       used 65472K, committed 67712K, reserved 1114112K
  class space    used 9325K, committed 10432K, reserved 1048576K
}
Event: 7.941 GC heap before
{Heap before GC invocations=25 (full 0):
 garbage-first heap   total 117760K, used 108527K [0x0000000080000000, 0x0000000100000000)
  region size 1024K, 38 young (38912K), 2 survivors (2048K)
 Metaspace       used 69563K, committed 71808K, reserved 1114112K
  class space    used 9899K, committed 11008K, reserved 1048576K
}
Event: 7.943 GC heap after
{Heap after GC invocations=26 (full 0):
 garbage-first heap   total 117760K, used 72882K [0x0000000080000000, 0x0000000100000000)
  region size 1024K, 4 young (4096K), 4 survivors (4096K)
 Metaspace       used 69563K, committed 71808K, reserved 1114112K
  class space    used 9899K, committed 11008K, reserved 1048576K
}
Event: 8.199 GC heap before
{Heap before GC invocations=26 (full 0):
 garbage-first heap   total 117760K, used 104626K [0x0000000080000000, 0x0000000100000000)
  region size 1024K, 35 young (35840K), 4 survivors (4096K)
 Metaspace       used 72002K, committed 74304K, reserved 1114112K
  class space    used 10228K, committed 11392K, reserved 1048576K
}
Event: 8.202 GC heap after
{Heap after GC invocations=27 (full 0):
 garbage-first heap   total 117760K, used 74303K [0x0000000080000000, 0x0000000100000000)
  region size 1024K, 4 young (4096K), 4 survivors (4096K)
 Metaspace       used 72002K, committed 74304K, reserved 1114112K
  class space    used 10228K, committed 11392K, reserved 1048576K
}
Event: 8.428 GC heap before
{Heap before GC invocations=28 (full 0):
 garbage-first heap   total 124928K, used 110143K [0x0000000080000000, 0x0000000100000000)
  region size 1024K, 35 young (35840K), 4 survivors (4096K)
 Metaspace       used 73283K, committed 75520K, reserved 1114112K
  class space    used 10407K, committed 11520K, reserved 1048576K
}
Event: 8.431 GC heap after
{Heap after GC invocations=29 (full 0):
 garbage-first heap   total 124928K, used 79006K [0x0000000080000000, 0x0000000100000000)
  region size 1024K, 5 young (5120K), 5 survivors (5120K)
 Metaspace       used 73283K, committed 75520K, reserved 1114112K
  class space    used 10407K, committed 11520K, reserved 1048576K
}
Event: 8.690 GC heap before
{Heap before GC invocations=29 (full 0):
 garbage-first heap   total 124928K, used 111774K [0x0000000080000000, 0x0000000100000000)
  region size 1024K, 37 young (37888K), 5 survivors (5120K)
 Metaspace       used 75601K, committed 77952K, reserved 1179648K
  class space    used 10688K, committed 11840K, reserved 1048576K
}
Event: 8.856 GC heap after
{Heap after GC invocations=30 (full 0):
 garbage-first heap   total 150528K, used 80397K [0x0000000080000000, 0x0000000100000000)
  region size 1024K, 2 young (2048K), 2 survivors (2048K)
 Metaspace       used 75601K, committed 77952K, reserved 1179648K
  class space    used 10688K, committed 11840K, reserved 1048576K
}

